TN:
SF:src\Hooks\auth.tsx
FN:45,(anonymous_0)
FN:53,(anonymous_1)
FN:86,(anonymous_2)
FN:115,(anonymous_3)
FN:120,(anonymous_4)
FN:121,(anonymous_5)
FN:151,(anonymous_6)
FNF:7
FNH:5
FNDA:7,(anonymous_0)
FNDA:3,(anonymous_1)
FNDA:0,(anonymous_2)
FNDA:0,(anonymous_3)
FNDA:3,(anonymous_4)
FNDA:3,(anonymous_5)
FNDA:9,(anonymous_6)
DA:14,2
DA:15,2
DA:43,2
DA:45,2
DA:46,7
DA:47,7
DA:51,7
DA:53,7
DA:54,3
DA:55,3
DA:56,3
DA:58,3
DA:60,3
DA:64,2
DA:65,1
DA:68,1
DA:70,1
DA:77,1
DA:79,1
DA:82,1
DA:86,7
DA:87,0
DA:88,0
DA:95,0
DA:96,0
DA:97,0
DA:99,0
DA:106,0
DA:108,0
DA:111,0
DA:115,7
DA:116,0
DA:117,0
DA:120,7
DA:121,3
DA:122,3
DA:124,3
DA:125,0
DA:127,0
DA:130,3
DA:133,3
DA:136,7
DA:151,2
DA:152,9
DA:154,9
LF:45
LH:32
BRDA:64,0,0,1
BRDA:64,0,1,1
BRDA:95,1,0,0
BRDA:95,1,1,0
BRDA:124,2,0,0
BRDA:124,2,1,3
BRF:6
BRH:3
end_of_record
TN:
SF:src\components\Form\Button\index.tsx
FN:11,(anonymous_0)
FNF:1
FNH:1
FNDA:4,(anonymous_0)
DA:11,1
DA:12,4
DA:14,4
LF:3
LH:3
BRF:0
BRH:0
end_of_record
TN:
SF:src\components\Form\CategorySelectButton\index.tsx
FN:13,(anonymous_0)
FNF:1
FNH:1
FNDA:2,(anonymous_0)
DA:13,1
DA:14,2
DA:16,2
LF:3
LH:3
BRF:0
BRH:0
end_of_record
TN:
SF:src\components\Form\Input\index.tsx
FN:10,(anonymous_0)
FNF:1
FNH:1
FNDA:5,(anonymous_0)
DA:10,2
DA:11,5
DA:13,5
LF:3
LH:3
BRDA:11,0,0,4
BRF:1
BRH:1
end_of_record
TN:
SF:src\components\Form\InputForm\index.tsx
FN:14,(anonymous_0)
FN:22,(anonymous_1)
FNF:2
FNH:2
FNDA:4,(anonymous_0)
FNDA:4,(anonymous_1)
DA:14,1
DA:15,4
DA:17,4
DA:23,4
LF:4
LH:4
BRDA:26,0,0,4
BRDA:26,0,1,0
BRF:2
BRH:1
end_of_record
TN:
SF:src\components\Form\TransactionTypeButton\index.tsx
FN:19,(anonymous_0)
FNF:1
FNH:1
FNDA:4,(anonymous_0)
DA:6,1
DA:19,1
DA:20,4
DA:22,4
LF:4
LH:4
BRF:0
BRH:0
end_of_record
TN:
SF:src\components\HighlightCard\index.tsx
FN:26,(anonymous_0)
FNF:1
FNH:0
FNDA:0,(anonymous_0)
DA:20,0
DA:26,0
DA:27,0
DA:29,0
LF:4
LH:0
BRF:0
BRH:0
end_of_record
TN:
SF:src\components\HistoryCard\index.tsx
FN:11,(anonymous_0)
FNF:1
FNH:0
FNDA:0,(anonymous_0)
DA:11,0
DA:12,0
DA:14,0
LF:3
LH:0
BRF:0
BRH:0
end_of_record
TN:
SF:src\components\SignInSocialButtom\index.tsx
FN:12,(anonymous_0)
FNF:1
FNH:0
FNDA:0,(anonymous_0)
DA:12,0
DA:13,0
DA:15,0
LF:3
LH:0
BRF:0
BRH:0
end_of_record
TN:
SF:src\components\TransactionCard\index.tsx
FN:37,(anonymous_0)
FN:41,(anonymous_1)
FNF:2
FNH:0
FNDA:0,(anonymous_0)
FNDA:0,(anonymous_1)
DA:37,0
DA:38,0
DA:40,0
DA:41,0
DA:44,0
LF:5
LH:0
BRDA:48,0,0,0
BRDA:48,0,1,0
BRF:2
BRH:0
end_of_record
TN:
SF:src\routes\app.routes.tsx
FN:19,(anonymous_0)
FN:39,(anonymous_1)
FN:52,(anonymous_2)
FN:61,(anonymous_3)
FNF:4
FNH:0
FNDA:0,(anonymous_0)
FNDA:0,(anonymous_1)
FNDA:0,(anonymous_2)
FNDA:0,(anonymous_3)
DA:17,0
DA:19,0
DA:20,0
DA:22,0
DA:40,0
DA:53,0
DA:62,0
LF:7
LH:0
BRDA:31,0,0,0
BRDA:31,0,1,0
BRF:2
BRH:0
end_of_record
TN:
SF:src\routes\auth.routes.tsx
FN:12,(anonymous_0)
FNF:1
FNH:0
FNDA:0,(anonymous_0)
DA:10,0
DA:12,0
DA:13,0
LF:3
LH:0
BRF:0
BRH:0
end_of_record
TN:
SF:src\routes\index.tsx
FN:9,(anonymous_0)
FNF:1
FNH:0
FNDA:0,(anonymous_0)
DA:9,0
DA:10,0
DA:12,0
LF:3
LH:0
BRDA:14,0,0,0
BRDA:14,0,1,0
BRF:2
BRH:0
end_of_record
TN:
SF:src\screens\CategorySelect\index.tsx
FN:31,(anonymous_0)
FN:34,(anonymous_1)
FN:38,(anonymous_2)
FN:51,(anonymous_3)
FN:52,(anonymous_4)
FN:55,(anonymous_5)
FN:61,(anonymous_6)
FNF:7
FNH:4
FNDA:2,(anonymous_0)
FNDA:0,(anonymous_1)
FNDA:0,(anonymous_2)
FNDA:12,(anonymous_3)
FNDA:12,(anonymous_4)
FNDA:0,(anonymous_5)
FNDA:10,(anonymous_6)
DA:31,1
DA:32,2
DA:34,2
DA:35,0
DA:38,2
DA:39,0
DA:42,2
DA:51,12
DA:53,12
DA:55,0
DA:61,10
LF:11
LH:8
BRF:0
BRH:0
end_of_record
TN:
SF:src\screens\Dashboard\index.tsx
FN:36,(anonymous_0)
FN:40,(anonymous_1)
FN:49,(anonymous_2)
FN:76,(anonymous_3)
FN:82,(anonymous_4)
FN:90,(anonymous_5)
FN:107,(anonymous_6)
FN:109,(anonymous_7)
FN:113,(anonymous_8)
FN:129,(anonymous_9)
FN:130,(anonymous_10)
FN:133,(anonymous_11)
FN:134,(anonymous_12)
FN:137,(anonymous_13)
FN:138,(anonymous_14)
FN:161,(anonymous_15)
FN:166,(anonymous_16)
FN:228,(anonymous_17)
FN:229,(anonymous_18)
FNF:19
FNH:0
FNDA:0,(anonymous_0)
FNDA:0,(anonymous_1)
FNDA:0,(anonymous_2)
FNDA:0,(anonymous_3)
FNDA:0,(anonymous_4)
FNDA:0,(anonymous_5)
FNDA:0,(anonymous_6)
FNDA:0,(anonymous_7)
FNDA:0,(anonymous_8)
FNDA:0,(anonymous_9)
FNDA:0,(anonymous_10)
FNDA:0,(anonymous_11)
FNDA:0,(anonymous_12)
FNDA:0,(anonymous_13)
FNDA:0,(anonymous_14)
FNDA:0,(anonymous_15)
FNDA:0,(anonymous_16)
FNDA:0,(anonymous_17)
FNDA:0,(anonymous_18)
DA:36,0
DA:37,0
DA:38,0
DA:40,0
DA:41,0
DA:43,0
DA:45,0
DA:47,0
DA:49,0
DA:50,0
DA:54,0
DA:60,0
DA:72,0
DA:75,0
DA:77,0
DA:79,0
DA:80,0
DA:82,0
DA:83,0
DA:86,0
DA:87,0
DA:90,0
DA:91,0
DA:94,0
DA:96,0
DA:107,0
DA:108,0
DA:109,0
DA:112,0
DA:113,0
DA:116,0
DA:121,0
DA:126,0
DA:128,0
DA:129,0
DA:130,0
DA:132,0
DA:133,0
DA:134,0
DA:136,0
DA:137,0
DA:138,0
DA:140,0
DA:161,0
DA:162,0
DA:165,0
DA:167,0
DA:171,0
DA:228,0
DA:229,0
LF:50
LH:0
BRDA:47,0,0,0
BRDA:47,0,1,0
BRDA:79,1,0,0
BRDA:79,1,1,0
BRDA:86,2,0,0
BRDA:86,2,1,0
BRDA:97,3,0,0
BRDA:97,3,1,0
BRDA:155,4,0,0
BRDA:155,4,1,0
BRDA:200,5,0,0
BRDA:200,5,1,0
BRDA:210,6,0,0
BRDA:210,6,1,0
BRF:14
BRH:0
end_of_record
TN:
SF:src\screens\Profile\index.tsx
FN:4,(anonymous_0)
FN:23,(anonymous_1)
FNF:2
FNH:1
FNDA:3,(anonymous_0)
FNDA:0,(anonymous_1)
DA:4,1
DA:5,3
LF:2
LH:2
BRF:0
BRH:0
end_of_record
TN:
SF:src\screens\Register\index.tsx
FN:43,(anonymous_0)
FN:62,(anonymous_1)
FN:68,(anonymous_2)
FN:72,(anonymous_3)
FN:77,(anonymous_4)
FN:157,(anonymous_5)
FN:164,(anonymous_6)
FNF:7
FNH:2
FNDA:2,(anonymous_0)
FNDA:0,(anonymous_1)
FNDA:1,(anonymous_2)
FNDA:0,(anonymous_3)
FNDA:0,(anonymous_4)
FNDA:0,(anonymous_5)
FNDA:0,(anonymous_6)
DA:35,1
DA:43,1
DA:44,2
DA:51,2
DA:53,2
DA:54,2
DA:57,2
DA:61,2
DA:63,0
DA:68,2
DA:69,1
DA:72,2
DA:73,0
DA:76,2
DA:78,0
DA:79,0
DA:82,0
DA:83,0
DA:86,0
DA:88,0
DA:97,0
DA:98,0
DA:100,0
DA:102,0
DA:104,0
DA:106,0
DA:108,0
DA:113,0
DA:114,0
DA:115,0
DA:119,0
DA:120,0
DA:126,2
DA:157,0
DA:164,0
LF:35
LH:13
BRDA:78,0,0,0
BRDA:78,0,1,0
BRDA:82,1,0,0
BRDA:82,1,1,0
BRDA:104,2,0,0
BRDA:104,2,1,0
BRDA:141,3,0,2
BRDA:141,3,1,0
BRDA:149,4,0,2
BRDA:149,4,1,0
BRDA:171,5,0,0
BRDA:171,5,1,2
BRDA:186,6,0,0
BRDA:186,6,1,2
BRF:14
BRH:4
end_of_record
TN:
SF:src\screens\Resume\index.tsx
FN:53,(anonymous_0)
FN:63,(anonymous_1)
FN:75,(anonymous_2)
FN:83,(anonymous_3)
FN:87,(anonymous_4)
FN:90,(anonymous_5)
FN:121,(anonymous_6)
FN:124,(anonymous_7)
FN:128,(anonymous_8)
FN:137,(anonymous_9)
FN:142,(anonymous_10)
FN:166,(anonymous_11)
FN:172,(anonymous_12)
FN:180,(anonymous_13)
FN:192,(anonymous_14)
FNF:15
FNH:0
FNDA:0,(anonymous_0)
FNDA:0,(anonymous_1)
FNDA:0,(anonymous_2)
FNDA:0,(anonymous_3)
FNDA:0,(anonymous_4)
FNDA:0,(anonymous_5)
FNDA:0,(anonymous_6)
FNDA:0,(anonymous_7)
FNDA:0,(anonymous_8)
FNDA:0,(anonymous_9)
FNDA:0,(anonymous_10)
FNDA:0,(anonymous_11)
FNDA:0,(anonymous_12)
FNDA:0,(anonymous_13)
FNDA:0,(anonymous_14)
DA:53,0
DA:54,0
DA:55,0
DA:57,0
DA:58,0
DA:59,0
DA:63,0
DA:64,0
DA:66,0
DA:68,0
DA:70,0
DA:72,0
DA:74,0
DA:76,0
DA:81,0
DA:83,0
DA:84,0
DA:87,0
DA:88,0
DA:90,0
DA:91,0
DA:92,0
DA:96,0
DA:97,0
DA:102,0
DA:104,0
DA:117,0
DA:118,0
DA:121,0
DA:122,0
DA:124,0
DA:125,0
DA:128,0
DA:129,0
DA:132,0
DA:137,0
DA:138,0
DA:141,0
DA:143,0
DA:147,0
DA:166,0
DA:172,0
DA:180,0
DA:193,0
LF:44
LH:0
BRDA:72,0,0,0
BRDA:72,0,1,0
BRDA:76,1,0,0
BRDA:76,1,1,0
BRDA:76,1,2,0
BRDA:91,2,0,0
BRDA:91,2,1,0
BRDA:96,3,0,0
BRDA:96,3,1,0
BRDA:122,4,0,0
BRDA:122,4,1,0
BRDA:122,4,2,0
BRDA:153,5,0,0
BRDA:153,5,1,0
BRF:14
BRH:0
end_of_record
TN:
SF:src\screens\SignIn\index.tsx
FN:24,(anonymous_0)
FN:30,(anonymous_1)
FN:41,(anonymous_2)
FNF:3
FNH:0
FNDA:0,(anonymous_0)
FNDA:0,(anonymous_1)
FNDA:0,(anonymous_2)
DA:24,0
DA:25,0
DA:26,0
DA:28,0
DA:30,0
DA:31,0
DA:32,0
DA:33,0
DA:35,0
DA:36,0
DA:37,0
DA:41,0
DA:42,0
DA:43,0
DA:44,0
DA:46,0
DA:47,0
DA:48,0
DA:52,0
LF:19
LH:0
BRDA:73,0,0,0
BRDA:73,0,1,0
BRDA:88,1,0,0
BRDA:88,1,1,0
BRF:4
BRH:0
end_of_record
